Connected!
Client Ver:1 (Min Req: 1), Server Ver:1 (Min Req: 1)



***Environment Loaded and API connected***
/project/ml_ws1819/ml1811/as/lib/python3.5/site-packages/tensorflow/python/ops/gradients_impl.py:95: UserWarning: Converting sparse IndexedSlices to a dense Tensor of unknown shape. This may consume a large amount of memory.
  "Converting sparse IndexedSlices to a dense Tensor of unknown shape. "
2019-01-30 11:44:18.833680: W tensorflow/core/platform/cpu_feature_guard.cc:45] The TensorFlow library wasn't compiled to use SSE4.1 instructions, but these are available on your machine and could speed up CPU computations.
2019-01-30 11:44:18.833702: W tensorflow/core/platform/cpu_feature_guard.cc:45] The TensorFlow library wasn't compiled to use SSE4.2 instructions, but these are available on your machine and could speed up CPU computations.
2019-01-30 11:44:18.833707: W tensorflow/core/platform/cpu_feature_guard.cc:45] The TensorFlow library wasn't compiled to use AVX instructions, but these are available on your machine and could speed up CPU computations.
2019-01-30 11:44:18.833710: W tensorflow/core/platform/cpu_feature_guard.cc:45] The TensorFlow library wasn't compiled to use AVX2 instructions, but these are available on your machine and could speed up CPU computations.
2019-01-30 11:44:18.833713: W tensorflow/core/platform/cpu_feature_guard.cc:45] The TensorFlow library wasn't compiled to use FMA instructions, but these are available on your machine and could speed up CPU computations.

***Agent instantiated***


*** Prefilling Buffer ***

		Maximum number of steps reached (1000) Terminating Episode

Prefill Episode:        1  Reward:  -13971  Buffer Filled:      1001

*** Training Agent ***

../cls/deep_rl/drl_dqn_agent.py:99: FutureWarning: Using a non-tuple sequence for multidimensional indexing is deprecated; use `arr[tuple(seq)]` instead of `arr[seq]`. In the future this will be interpreted as an array index, `arr[np.array(seq)]`, which will result either in an error or a different result.
  q_predictions = q_predictions[action_indexes]
		Agent Collision at step     28(penetration: 0.0053)
		Max Collision force: 0.0025 exceeded. Terminating Episode

Episode  (v) :        1  Reward:  -792.4633
		Agent Collision at step     13(penetration: 0.0000)
		Agent Collision at step     17(penetration: 0.0000)
		Agent Collision at step     21(penetration: 0.0000)
		Agent Collision at step     38(penetration: 0.0000)
		Agent Collision at step     39(penetration: 0.0000)
		Agent Collision at step     42(penetration: 0.0027)
		Max Collision force: 0.0025 exceeded. Terminating Episode

Episode      :        2  Reward:  -371.7658
		Agent Collision at step      4(penetration: 0.0127)
		Max Collision force: 0.0025 exceeded. Terminating Episode

Episode      :        3  Reward:  -1523.8907
		Agent Collision at step      7(penetration: 0.0000)
		Agent Collision at step     33(penetration: 0.0053)
		Max Collision force: 0.0025 exceeded. Terminating Episode

Episode      :        4  Reward:  -854.5686
		Agent Collision at step     14(penetration: 0.0000)
		Agent Collision at step     15(penetration: 0.0000)
		Agent Collision at step     16(penetration: 0.0000)
		Agent Collision at step     27(penetration: 0.0070)
		Max Collision force: 0.0025 exceeded. Terminating Episode

Episode      :        5  Reward:  -671.6969
		Agent Collision at step     22(penetration: 0.0003)
		Agent Collision at step     26(penetration: 0.0000)
		Agent Collision at step     37(penetration: 0.0008)
		Agent Collision at step     45(penetration: 0.0000)
		Agent Collision at step     50(penetration: 0.0026)
		Max Collision force: 0.0025 exceeded. Terminating Episode

Episode      :        6  Reward:  -1656.6265
		Agent Collision at step    174(penetration: 0.0000)
		Agent Collision at step    185(penetration: 0.0000)
		Agent Collision at step    186(penetration: 0.0000)
		Agent Collision at step    190(penetration: 0.0025)
		Agent Collision at step    191(penetration: 0.0056)
		Max Collision force: 0.0025 exceeded. Terminating Episode

Episode      :        7  Reward:  -2064.8976
		Agent Collision at step     14(penetration: 0.0000)
		Agent Collision at step     39(penetration: 0.0000)
		Agent Collision at step     64(penetration: 0.0009)
		Agent Collision at step     69(penetration: 0.0000)
		Agent Collision at step     70(penetration: 0.0000)
		Agent Collision at step     71(penetration: 0.0004)
		Agent Collision at step    112(penetration: 0.0000)
		Agent Collision at step    143(penetration: 0.0014)
		Agent Collision at step    144(penetration: 0.0000)
		Agent Collision at step    154(penetration: 0.0000)
		Agent Collision at step    169(penetration: 0.0000)
		Agent Collision at step    170(penetration: 0.0004)
		Agent Collision at step    171(penetration: 0.0046)
		Max Collision force: 0.0025 exceeded. Terminating Episode

Episode      :        8  Reward:  -2015.3441
		Agent Collision at step      6(penetration: 0.0000)
		Agent Collision at step     40(penetration: 0.0005)
		Agent Collision at step     66(penetration: 0.0158)
		Max Collision force: 0.0025 exceeded. Terminating Episode

Episode      :        9  Reward:  -2309.5314
		Agent Collision at step     24(penetration: 0.0111)
		Max Collision force: 0.0025 exceeded. Terminating Episode

Episode      :       10  Reward:  -415.2557
		Agent Collision at step      5(penetration: 0.0000)
		Agent Collision at step     23(penetration: 0.0000)
		Agent Collision at step     24(penetration: 0.0000)
		Agent Collision at step     25(penetration: 0.0000)
		Agent Collision at step     27(penetration: 0.0000)
		Agent Collision at step     34(penetration: 0.0000)
		Agent Collision at step     38(penetration: 0.0023)
		Agent Collision at step     42(penetration: 0.0000)
		Agent Collision at step     52(penetration: 0.0000)
		Agent Collision at step     53(penetration: 0.0000)
		Agent Collision at step     57(penetration: 0.0182)
		Max Collision force: 0.0025 exceeded. Terminating Episode

Episode  (v) :       11  Reward:  -2755.5164
		Agent Collision at step      5(penetration: 0.0000)
		Agent Collision at step     37(penetration: 0.0000)
		Agent Collision at step     38(penetration: 0.0097)
		Max Collision force: 0.0025 exceeded. Terminating Episode

Episode      :       12  Reward:  -614.7357
		Agent Collision at step      4(penetration: 0.0000)
		Agent Collision at step      7(penetration: 0.0000)
		Agent Collision at step     14(penetration: 0.0088)
		Max Collision force: 0.0025 exceeded. Terminating Episode

Episode      :       13  Reward:  -269.4609
		Agent Collision at step      4(penetration: 0.0163)
		Max Collision force: 0.0025 exceeded. Terminating Episode

Episode      :       14  Reward:  -1351.3434
		Agent Collision at step      9(penetration: 0.0000)
		Agent Collision at step     11(penetration: 0.0000)
		Agent Collision at step     27(penetration: 0.0082)
		Max Collision force: 0.0025 exceeded. Terminating Episode

Episode      :       15  Reward:  -259.9788
		Agent Collision at step     10(penetration: 0.0403)
		Max Collision force: 0.0025 exceeded. Terminating Episode

Episode      :       16  Reward:  -3127.2342
		Agent Collision at step      3(penetration: 0.0070)
		Max Collision force: 0.0025 exceeded. Terminating Episode

Episode      :       17  Reward:  29.3853
		Agent Collision at step    131(penetration: 0.0184)
		Max Collision force: 0.0025 exceeded. Terminating Episode

Episode      :       18  Reward:  -2341.6512
		Agent Collision at step     10(penetration: 0.0050)
		Max Collision force: 0.0025 exceeded. Terminating Episode

Episode      :       19  Reward:  -218.8558
		Agent Collision at step      7(penetration: 0.0079)
		Max Collision force: 0.0025 exceeded. Terminating Episode

Episode      :       20  Reward:  -411.4940
		Agent Collision at step      3(penetration: 0.0158)
		Max Collision force: 0.0025 exceeded. Terminating Episode

Episode  (v) :       21  Reward:  -749.2962
		Agent Collision at step     88(penetration: 0.0152)
		Max Collision force: 0.0025 exceeded. Terminating Episode

Episode      :       22  Reward:  -1239.1966
		Agent Collision at step      7(penetration: 0.0068)
		Max Collision force: 0.0025 exceeded. Terminating Episode

Episode      :       23  Reward:  -517.4779
		Agent Collision at step     18(penetration: 0.0054)
		Max Collision force: 0.0025 exceeded. Terminating Episode

Episode      :       24  Reward:  1063.2433
		Agent Collision at step    133(penetration: 0.0000)
		Agent Collision at step    155(penetration: 0.0066)
		Max Collision force: 0.0025 exceeded. Terminating Episode

Episode      :       25  Reward:  -1931.7362
		Agent Collision at step     11(penetration: 0.0199)
		Max Collision force: 0.0025 exceeded. Terminating Episode

Episode      :       26  Reward:  -1329.7299
		Agent Collision at step     45(penetration: 0.0000)
		Agent Collision at step     60(penetration: 0.0053)
		Max Collision force: 0.0025 exceeded. Terminating Episode

Episode      :       27  Reward:  -542.9726
		Agent Collision at step      7(penetration: 0.0000)
		Agent Collision at step     18(penetration: 0.0000)
		Agent Collision at step     69(penetration: 0.0038)
		Max Collision force: 0.0025 exceeded. Terminating Episode

Episode      :       28  Reward:  407.4474
		Agent Collision at step      5(penetration: 0.0019)
		Agent Collision at step     16(penetration: 0.0000)
		Agent Collision at step     33(penetration: 0.0000)
		Agent Collision at step     43(penetration: 0.0000)
		Agent Collision at step     53(penetration: 0.0000)
		Agent Collision at step     56(penetration: 0.0000)
		Agent Collision at step     75(penetration: 0.0015)
		Agent Collision at step     97(penetration: 0.0004)
		Agent Collision at step    118(penetration: 0.0069)
		Max Collision force: 0.0025 exceeded. Terminating Episode

Episode      :       29  Reward:  -2598.7923
		Agent Collision at step     82(penetration: 0.0130)
		Max Collision force: 0.0025 exceeded. Terminating Episode

Episode      :       30  Reward:  -1697.6455
		Agent Collision at step     20(penetration: 0.0008)
		Agent Collision at step     21(penetration: 0.0000)
		Agent Collision at step     25(penetration: 0.0020)
		Agent Collision at step     29(penetration: 0.0001)
		Agent Collision at step     50(penetration: 0.0126)
		Max Collision force: 0.0025 exceeded. Terminating Episode

Episode  (v) :       31  Reward:  -566.3926
		Agent Collision at step     23(penetration: 0.0045)
		Max Collision force: 0.0025 exceeded. Terminating Episode

Episode      :       32  Reward:  -82.7759
		Agent Collision at step     16(penetration: 0.0000)
		Agent Collision at step     23(penetration: 0.0001)
		Agent Collision at step     31(penetration: 0.0060)
		Max Collision force: 0.0025 exceeded. Terminating Episode

Episode      :       33  Reward:  -368.4358
		Agent Collision at step      7(penetration: 0.0105)
		Max Collision force: 0.0025 exceeded. Terminating Episode

Episode      :       34  Reward:  -1000.9750
		Agent Collision at step      9(penetration: 0.0000)
		Agent Collision at step     10(penetration: 0.0000)
		Agent Collision at step     22(penetration: 0.0000)
		Agent Collision at step     33(penetration: 0.0000)
		Agent Collision at step     36(penetration: 0.0028)
		Max Collision force: 0.0025 exceeded. Terminating Episode

Episode      :       35  Reward:  -1145.1445
		Agent Collision at step      8(penetration: 0.0000)
		Agent Collision at step      9(penetration: 0.0014)
		Agent Collision at step     33(penetration: 0.0000)
		Agent Collision at step     34(penetration: 0.0000)
		Agent Collision at step     47(penetration: 0.0000)
		Agent Collision at step     52(penetration: 0.0024)
		Agent Collision at step     53(penetration: 0.0041)
		Max Collision force: 0.0025 exceeded. Terminating Episode

Episode      :       36  Reward:  -1593.0986
		Agent Collision at step     16(penetration: 0.0019)
		Agent Collision at step     27(penetration: 0.0001)
		Agent Collision at step     32(penetration: 0.0010)
		Agent Collision at step     37(penetration: 0.0000)
		Agent Collision at step     47(penetration: 0.0031)
		Max Collision force: 0.0025 exceeded. Terminating Episode

Episode      :       37  Reward:  224.0915
		Agent Collision at step      5(penetration: 0.0032)
		Max Collision force: 0.0025 exceeded. Terminating Episode

Episode      :       38  Reward:  -326.0496
		Agent Collision at step      7(penetration: 0.0000)
		Agent Collision at step     17(penetration: 0.0055)
		Max Collision force: 0.0025 exceeded. Terminating Episode

Episode      :       39  Reward:  -455.3776
		Agent Collision at step     11(penetration: 0.0034)
		Max Collision force: 0.0025 exceeded. Terminating Episode

Episode      :       40  Reward:  -12.4241
		Agent Collision at step     10(penetration: 0.0010)
		Agent Collision at step     11(penetration: 0.0024)
		Agent Collision at step     12(penetration: 0.0019)
		Agent Collision at step     14(penetration: 0.0000)
		Agent Collision at step     21(penetration: 0.0058)
		Max Collision force: 0.0025 exceeded. Terminating Episode

Episode  (v) :       41  Reward:  -1159.4624
		Agent Collision at step      7(penetration: 0.0000)
		Agent Collision at step     11(penetration: 0.0028)
		Max Collision force: 0.0025 exceeded. Terminating Episode

Episode      :       42  Reward:  142.2477
		Agent Collision at step     12(penetration: 0.0000)
		Agent Collision at step     24(penetration: 0.0000)
		Agent Collision at step     28(penetration: 0.0000)
		Agent Collision at step     29(penetration: 0.0000)
		Agent Collision at step     39(penetration: 0.0000)
		Agent Collision at step     68(penetration: 0.0001)
		Agent Collision at step     69(penetration: 0.0084)
		Max Collision force: 0.0025 exceeded. Terminating Episode

Episode      :       43  Reward:  -2135.6045
		Agent Collision at step      6(penetration: 0.0000)
		Agent Collision at step     14(penetration: 0.0083)
		Max Collision force: 0.0025 exceeded. Terminating Episode

Episode      :       44  Reward:  -1095.9242
		Agent Collision at step      4(penetration: 0.0000)
		Agent Collision at step     10(penetration: 0.0000)
		Agent Collision at step     38(penetration: 0.0000)
		Agent Collision at step     41(penetration: 0.0027)
		Max Collision force: 0.0025 exceeded. Terminating Episode

Episode      :       45  Reward:  -357.3535
		Agent Collision at step      3(penetration: 0.0000)
		Agent Collision at step     11(penetration: 0.0000)
		Agent Collision at step     14(penetration: 0.0000)
		Agent Collision at step     23(penetration: 0.0000)
		Agent Collision at step     25(penetration: 0.0134)
		Max Collision force: 0.0025 exceeded. Terminating Episode

Episode      :       46  Reward:  -1450.4836
		Agent Collision at step     10(penetration: 0.0116)
		Max Collision force: 0.0025 exceeded. Terminating Episode

Episode      :       47  Reward:  -556.8079
		Agent Collision at step     12(penetration: 0.0110)
		Max Collision force: 0.0025 exceeded. Terminating Episode

Episode      :       48  Reward:  -1012.8323
		Agent Collision at step      5(penetration: 0.0000)
		Agent Collision at step     13(penetration: 0.0010)
		Agent Collision at step     24(penetration: 0.0045)
		Max Collision force: 0.0025 exceeded. Terminating Episode

Episode      :       49  Reward:  -847.2617
		Agent Collision at step      8(penetration: 0.0000)
		Agent Collision at step     29(penetration: 0.0132)
		Max Collision force: 0.0025 exceeded. Terminating Episode

Episode      :       50  Reward:  -1070.1695
		Agent Collision at step      2(penetration: 0.0000)
		Agent Collision at step     29(penetration: 0.0023)
		Agent Collision at step    817(penetration: 0.0041)
		Max Collision force: 0.0025 exceeded. Terminating Episode

Episode  (v) :       51  Reward:  -8326.0295
		Agent Collision at step     13(penetration: 0.0000)
		Agent Collision at step     14(penetration: 0.0063)
		Max Collision force: 0.0025 exceeded. Terminating Episode

Episode      :       52  Reward:  -676.4761
		Agent Collision at step      8(penetration: 0.0000)
		Agent Collision at step     10(penetration: 0.0000)
		Agent Collision at step     28(penetration: 0.0017)
		Agent Collision at step     34(penetration: 0.0034)
		Max Collision force: 0.0025 exceeded. Terminating Episode

Episode      :       53  Reward:  -2048.0169
		Agent Collision at step      1(penetration: 0.0095)
		Max Collision force: 0.0025 exceeded. Terminating Episode

Episode      :       54  Reward:  -842.0728
		Agent Collision at step      6(penetration: 0.0000)
		Agent Collision at step     26(penetration: 0.0147)
		Max Collision force: 0.0025 exceeded. Terminating Episode

Episode      :       55  Reward:  -988.4303
		Agent Collision at step      7(penetration: 0.0076)
		Max Collision force: 0.0025 exceeded. Terminating Episode

Episode      :       56  Reward:  -2396.8904
		Agent Collision at step     10(penetration: 0.0000)
		Agent Collision at step     11(penetration: 0.0002)
		Agent Collision at step     13(penetration: 0.0359)
		Max Collision force: 0.0025 exceeded. Terminating Episode

Episode      :       57  Reward:  -2607.8310
		Agent Collision at step     15(penetration: 0.0047)
		Max Collision force: 0.0025 exceeded. Terminating Episode

Episode      :       58  Reward:  -367.2883
		Agent Collision at step      5(penetration: 0.0029)
		Max Collision force: 0.0025 exceeded. Terminating Episode

Episode      :       59  Reward:  -639.5159
		Agent Collision at step      7(penetration: 0.0000)
		Agent Collision at step     21(penetration: 0.0000)
		Agent Collision at step     23(penetration: 0.0034)
		Max Collision force: 0.0025 exceeded. Terminating Episode

Episode      :       60  Reward:  -471.6994
		Agent Collision at step     10(penetration: 0.0051)
		Max Collision force: 0.0025 exceeded. Terminating Episode

Episode  (v) :       61  Reward:  -1132.1557
		Agent Collision at step      3(penetration: 0.0000)
		Agent Collision at step     53(penetration: 0.0000)
		Agent Collision at step     58(penetration: 0.0000)
		Agent Collision at step     93(penetration: 0.0107)
		Max Collision force: 0.0025 exceeded. Terminating Episode

Episode      :       62  Reward:  -2609.4518
		Agent Collision at step      9(penetration: 0.0000)
		Agent Collision at step     11(penetration: 0.0000)
		Agent Collision at step     14(penetration: 0.0081)
		Max Collision force: 0.0025 exceeded. Terminating Episode

Episode      :       63  Reward:  -1652.3584
		Agent Collision at step     22(penetration: 0.0104)
		Max Collision force: 0.0025 exceeded. Terminating Episode

Episode      :       64  Reward:  -2304.6851
		Agent Collision at step      4(penetration: 0.0000)
		Agent Collision at step      6(penetration: 0.0000)
		Agent Collision at step     15(penetration: 0.0000)
		Agent Collision at step     17(penetration: 0.0000)
		Agent Collision at step     22(penetration: 0.0002)
		Agent Collision at step     27(penetration: 0.0075)
		Max Collision force: 0.0025 exceeded. Terminating Episode

Episode      :       65  Reward:  -1584.3665
		Agent Collision at step      4(penetration: 0.0037)
		Max Collision force: 0.0025 exceeded. Terminating Episode

Episode      :       66  Reward:  96.0571
		Agent Collision at step      4(penetration: 0.0158)
		Max Collision force: 0.0025 exceeded. Terminating Episode

Episode      :       67  Reward:  -1270.6219
		Agent Collision at step     34(penetration: 0.0000)
		Agent Collision at step     39(penetration: 0.0000)
		Agent Collision at step     40(penetration: 0.0000)
		Agent Collision at step     41(penetration: 0.0000)
		Agent Collision at step     42(penetration: 0.0000)
		Agent Collision at step     43(penetration: 0.0000)
		Agent Collision at step     44(penetration: 0.0000)
		Agent Collision at step     45(penetration: 0.0000)
		Agent Collision at step     46(penetration: 0.0000)
		Agent Collision at step     47(penetration: 0.0000)
		Agent Collision at step    111(penetration: 0.0008)
		Agent Collision at step    128(penetration: 0.0000)
		Agent Collision at step    130(penetration: 0.0038)
		Max Collision force: 0.0025 exceeded. Terminating Episode

Episode      :       68  Reward:  -2834.7946
		Agent Collision at step     14(penetration: 0.0000)
		Agent Collision at step     15(penetration: 0.0000)
		Agent Collision at step     36(penetration: 0.0000)
		Agent Collision at step     41(penetration: 0.0000)
		Agent Collision at step     42(penetration: 0.0047)
		Max Collision force: 0.0025 exceeded. Terminating Episode

Episode      :       69  Reward:  -933.1591
		Agent Collision at step     10(penetration: 0.0004)
		Agent Collision at step     26(penetration: 0.0000)
		Agent Collision at step     28(penetration: 0.0000)
		Agent Collision at step     31(penetration: 0.0040)
		Max Collision force: 0.0025 exceeded. Terminating Episode

Episode      :       70  Reward:  -2454.8312
		Agent Collision at step      4(penetration: 0.0080)
		Max Collision force: 0.0025 exceeded. Terminating Episode

Episode  (v) :       71  Reward:  -1247.8891
		Agent Collision at step      5(penetration: 0.0078)
		Max Collision force: 0.0025 exceeded. Terminating Episode

Episode      :       72  Reward:  -1154.8134
		Agent Collision at step      4(penetration: 0.0097)
		Max Collision force: 0.0025 exceeded. Terminating Episode

Episode      :       73  Reward:  -1211.1488
		Agent Collision at step     37(penetration: 0.0008)
		Agent Collision at step     52(penetration: 0.0095)
		Max Collision force: 0.0025 exceeded. Terminating Episode

Episode      :       74  Reward:  -2292.3564
		Agent Collision at step     29(penetration: 0.0013)
		Agent Collision at step     34(penetration: 0.0023)
		Agent Collision at step     39(penetration: 0.0000)
		Agent Collision at step     79(penetration: 0.0033)
		Max Collision force: 0.0025 exceeded. Terminating Episode

Episode      :       75  Reward:  -1350.6725
		Agent Collision at step     19(penetration: 0.0150)
		Max Collision force: 0.0025 exceeded. Terminating Episode

Episode      :       76  Reward:  -994.4687
		Agent Collision at step     53(penetration: 0.0000)
		Agent Collision at step     55(penetration: 0.0030)
		Max Collision force: 0.0025 exceeded. Terminating Episode

Episode      :       77  Reward:  -619.6124
		Agent Collision at step     11(penetration: 0.0000)
		Agent Collision at step     18(penetration: 0.0000)
		Agent Collision at step     29(penetration: 0.0000)
		Agent Collision at step     35(penetration: 0.0011)
		Agent Collision at step     38(penetration: 0.0000)
		Agent Collision at step     40(penetration: 0.0030)
		Max Collision force: 0.0025 exceeded. Terminating Episode

Episode      :       78  Reward:  -1528.5408
		Agent Collision at step     13(penetration: 0.0050)
		Max Collision force: 0.0025 exceeded. Terminating Episode

Episode      :       79  Reward:  -445.7285
		Agent Collision at step     12(penetration: 0.0011)
		Agent Collision at step     14(penetration: 0.0000)
		Agent Collision at step     26(penetration: 0.0050)
		Max Collision force: 0.0025 exceeded. Terminating Episode

Episode      :       80  Reward:  -1368.0249
		Agent Collision at step     11(penetration: 0.0026)
		Max Collision force: 0.0025 exceeded. Terminating Episode

Episode  (v) :       81  Reward:  -1384.6844
		Agent Collision at step     10(penetration: 0.0038)
		Max Collision force: 0.0025 exceeded. Terminating Episode

Episode      :       82  Reward:  -94.5197
		Agent Collision at step      5(penetration: 0.0172)
		Max Collision force: 0.0025 exceeded. Terminating Episode

Episode      :       83  Reward:  -1488.5751
		Agent Collision at step     15(penetration: 0.0000)
		Agent Collision at step     17(penetration: 0.0006)
		Agent Collision at step     37(penetration: 0.0124)
		Max Collision force: 0.0025 exceeded. Terminating Episode

Episode      :       84  Reward:  -2734.1988
		Agent Collision at step      4(penetration: 0.0013)
		Agent Collision at step     29(penetration: 0.0000)
		Agent Collision at step     34(penetration: 0.0000)
		Agent Collision at step     36(penetration: 0.0093)
		Max Collision force: 0.0025 exceeded. Terminating Episode

Episode      :       85  Reward:  -1156.6363
		Agent Collision at step     17(penetration: 0.0080)
		Max Collision force: 0.0025 exceeded. Terminating Episode

Episode      :       86  Reward:  -3363.9463
		Agent Collision at step      5(penetration: 0.0000)
		Agent Collision at step     10(penetration: 0.0107)
		Max Collision force: 0.0025 exceeded. Terminating Episode

Episode      :       87  Reward:  -1663.4095
		Agent Collision at step     12(penetration: 0.0014)
		Agent Collision at step     14(penetration: 0.0000)
		Agent Collision at step     70(penetration: 0.0000)
		Agent Collision at step     87(penetration: 0.0069)
		Max Collision force: 0.0025 exceeded. Terminating Episode

Episode      :       88  Reward:  -3235.6000
		Agent Collision at step      8(penetration: 0.0000)
		Agent Collision at step     17(penetration: 0.0000)
		Agent Collision at step     21(penetration: 0.0073)
		Max Collision force: 0.0025 exceeded. Terminating Episode

Episode      :       89  Reward:  -1970.9629
		Agent Collision at step      9(penetration: 0.0009)
		Agent Collision at step     23(penetration: 0.0007)
		Agent Collision at step     24(penetration: 0.0007)
		Agent Collision at step     25(penetration: 0.0007)
		Agent Collision at step     26(penetration: 0.0007)
		Agent Collision at step     27(penetration: 0.0007)
		Agent Collision at step     28(penetration: 0.0007)
		Agent Collision at step     30(penetration: 0.0012)
		Agent Collision at step     31(penetration: 0.0079)
		Max Collision force: 0.0025 exceeded. Terminating Episode

Episode      :       90  Reward:  -2166.3115
		Agent Collision at step     24(penetration: 0.0042)
		Max Collision force: 0.0025 exceeded. Terminating Episode

Episode  (v) :       91  Reward:  -1047.0167
		Agent Collision at step      7(penetration: 0.0015)
		Agent Collision at step     24(penetration: 0.0103)
		Max Collision force: 0.0025 exceeded. Terminating Episode

Episode      :       92  Reward:  -2332.1179
		Agent Collision at step     23(penetration: 0.0000)
		Agent Collision at step     33(penetration: 0.0083)
		Max Collision force: 0.0025 exceeded. Terminating Episode

Episode      :       93  Reward:  -1134.7129
		Agent Collision at step     18(penetration: 0.0000)
		Agent Collision at step     25(penetration: 0.0000)
		Agent Collision at step     26(penetration: 0.0005)
		Agent Collision at step     28(penetration: 0.0022)
		Agent Collision at step     29(penetration: 0.0000)
		Agent Collision at step     30(penetration: 0.0049)
		Max Collision force: 0.0025 exceeded. Terminating Episode

Episode      :       94  Reward:  -1118.5527
		Agent Collision at step     12(penetration: 0.0056)
		Max Collision force: 0.0025 exceeded. Terminating Episode

Episode      :       95  Reward:  -400.3110
		Agent Collision at step      8(penetration: 0.0000)
		Agent Collision at step     11(penetration: 0.0000)
		Agent Collision at step     13(penetration: 0.0000)
		Agent Collision at step     14(penetration: 0.0000)
		Agent Collision at step     17(penetration: 0.0000)
		Agent Collision at step     20(penetration: 0.0000)
		Agent Collision at step     28(penetration: 0.0000)
		Agent Collision at step     31(penetration: 0.0129)
		Max Collision force: 0.0025 exceeded. Terminating Episode

Episode      :       96  Reward:  -3803.2062
		Agent Collision at step      8(penetration: 0.0000)
		Agent Collision at step     11(penetration: 0.0000)
		Agent Collision at step     19(penetration: 0.0000)
		Agent Collision at step     20(penetration: 0.0002)
		Agent Collision at step     25(penetration: 0.0000)
		Agent Collision at step     26(penetration: 0.0033)
		Max Collision force: 0.0025 exceeded. Terminating Episode

Episode      :       97  Reward:  -1470.2850
		Agent Collision at step     22(penetration: 0.0012)
		Maximum number of steps reached (2000) Terminating Episode

Episode      :       98  Reward:  -20383.4045
		Agent Collision at step     10(penetration: 0.0000)
		Agent Collision at step     14(penetration: 0.0231)
		Max Collision force: 0.0025 exceeded. Terminating Episode

Episode      :       99  Reward:  -1123.4223
		Agent Collision at step      4(penetration: 0.0000)
		Agent Collision at step      6(penetration: 0.0020)
		Agent Collision at step     13(penetration: 0.0000)
		Agent Collision at step     16(penetration: 0.0118)
		Max Collision force: 0.0025 exceeded. Terminating Episode

Episode      :      100  Reward:  -846.7868
		Agent Collision at step     27(penetration: 0.0000)
		Agent Collision at step     28(penetration: 0.0086)
		Max Collision force: 0.0025 exceeded. Terminating Episode

Episode  (v) :      101  Reward:  -1348.2216
		Agent Collision at step      3(penetration: 0.0173)
		Max Collision force: 0.0025 exceeded. Terminating Episode

Episode      :      102  Reward:  -873.8933
		Agent Collision at step     15(penetration: 0.0000)
		Agent Collision at step     17(penetration: 0.0000)
		Agent Collision at step     18(penetration: 0.0000)
		Agent Collision at step     21(penetration: 0.0107)
		Max Collision force: 0.0025 exceeded. Terminating Episode

Episode      :      103  Reward:  -1312.4688
		Agent Collision at step      9(penetration: 0.0000)
		Agent Collision at step     14(penetration: 0.0009)
		Agent Collision at step     23(penetration: 0.0000)
		Agent Collision at step     25(penetration: 0.0000)
		Agent Collision at step     26(penetration: 0.0068)
		Max Collision force: 0.0025 exceeded. Terminating Episode

Episode      :      104  Reward:  -1147.0428
		Agent Collision at step     35(penetration: 0.0000)
		Agent Collision at step     45(penetration: 0.0005)
		Agent Collision at step     51(penetration: 0.0000)
		Agent Collision at step     52(penetration: 0.0000)
		Agent Collision at step     53(penetration: 0.0000)
		Agent Collision at step     62(penetration: 0.0000)
		Agent Collision at step     66(penetration: 0.0000)
		Agent Collision at step     68(penetration: 0.0105)
		Max Collision force: 0.0025 exceeded. Terminating Episode

Episode      :      105  Reward:  -2663.9057
		Agent Collision at step     24(penetration: 0.0003)
		Agent Collision at step     31(penetration: 0.0000)
		Agent Collision at step     44(penetration: 0.0037)
		Max Collision force: 0.0025 exceeded. Terminating Episode

Episode      :      106  Reward:  -1396.8802
		Agent Collision at step      9(penetration: 0.0007)
		Agent Collision at step     11(penetration: 0.0046)
		Max Collision force: 0.0025 exceeded. Terminating Episode

Episode      :      107  Reward:  -520.5406
		Agent Collision at step     45(penetration: 0.0000)
		Agent Collision at step     54(penetration: 0.0000)
		Agent Collision at step     81(penetration: 0.0010)
		Agent Collision at step     82(penetration: 0.0775)
		Max Collision force: 0.0025 exceeded. Terminating Episode

Episode      :      108  Reward:  -7783.1997
		Agent Collision at step      6(penetration: 0.0000)
		Agent Collision at step     11(penetration: 0.0025)
		Agent Collision at step     19(penetration: 0.0000)
		Agent Collision at step     21(penetration: 0.0000)
		Agent Collision at step     39(penetration: 0.0000)
		Agent Collision at step     46(penetration: 0.0021)
		Agent Collision at step     48(penetration: 0.0000)
		Agent Collision at step     51(penetration: 0.0010)
		Agent Collision at step     75(penetration: 0.0083)
		Max Collision force: 0.0025 exceeded. Terminating Episode

Episode      :      109  Reward:  -4278.1373
		Agent Collision at step     10(penetration: 0.0138)
		Max Collision force: 0.0025 exceeded. Terminating Episode

Episode      :      110  Reward:  -2186.0607
		Agent Collision at step     31(penetration: 0.0000)
		Agent Collision at step     36(penetration: 0.0117)
		Max Collision force: 0.0025 exceeded. Terminating Episode

Episode  (v) :      111  Reward:  -1631.3548
		Agent Collision at step     15(penetration: 0.0000)
		Agent Collision at step     19(penetration: 0.0000)
		Agent Collision at step     21(penetration: 0.0000)
		Agent Collision at step     29(penetration: 0.0008)
		Agent Collision at step     31(penetration: 0.0000)
		Agent Collision at step     39(penetration: 0.0072)
		Max Collision force: 0.0025 exceeded. Terminating Episode

Episode      :      112  Reward:  -4209.5718
		Agent Collision at step      8(penetration: 0.0000)
		Agent Collision at step     10(penetration: 0.0000)
		Agent Collision at step     14(penetration: 0.0625)
		Max Collision force: 0.0025 exceeded. Terminating Episode

Episode      :      113  Reward:  -5357.7182
		Agent Collision at step     10(penetration: 0.0028)
		Max Collision force: 0.0025 exceeded. Terminating Episode

Episode      :      114  Reward:  -734.5863
		Agent Collision at step     45(penetration: 0.0000)
		Agent Collision at step     46(penetration: 0.0000)
		Agent Collision at step     50(penetration: 0.0073)
		Max Collision force: 0.0025 exceeded. Terminating Episode

Episode      :      115  Reward:  -1391.6805
		Agent Collision at step     17(penetration: 0.0000)
		Agent Collision at step     26(penetration: 0.0000)
		Agent Collision at step     35(penetration: 0.0026)
		Max Collision force: 0.0025 exceeded. Terminating Episode

Episode      :      116  Reward:  32.6493
		Agent Collision at step     21(penetration: 0.0000)
		Agent Collision at step     25(penetration: 0.0031)
		Max Collision force: 0.0025 exceeded. Terminating Episode

Episode      :      117  Reward:  66.2057
		Agent Collision at step      7(penetration: 0.0003)
		Agent Collision at step     11(penetration: 0.0072)
		Max Collision force: 0.0025 exceeded. Terminating Episode

Episode      :      118  Reward:  -936.2958
		Agent Collision at step     11(penetration: 0.0000)
		Agent Collision at step     17(penetration: 0.0604)
		Max Collision force: 0.0025 exceeded. Terminating Episode

Episode      :      119  Reward:  -5422.0446
		Agent Collision at step     11(penetration: 0.0092)
		Max Collision force: 0.0025 exceeded. Terminating Episode

Episode      :      120  Reward:  -1089.8412
		Agent Collision at step      9(penetration: 0.0155)
		Max Collision force: 0.0025 exceeded. Terminating Episode

Episode  (v) :      121  Reward:  -1667.7535
		Agent Collision at step     20(penetration: 0.0050)
		Max Collision force: 0.0025 exceeded. Terminating Episode

Episode      :      122  Reward:  -640.1158
		Agent Collision at step      3(penetration: 0.0000)
		Agent Collision at step     25(penetration: 0.0131)
		Max Collision force: 0.0025 exceeded. Terminating Episode

Episode      :      123  Reward:  -1267.3228
		Agent Collision at step      4(penetration: 0.0164)
		Max Collision force: 0.0025 exceeded. Terminating Episode

Episode      :      124  Reward:  -1690.7057
		Agent Collision at step     21(penetration: 0.0000)
		Agent Collision at step     28(penetration: 0.0272)
		Max Collision force: 0.0025 exceeded. Terminating Episode

Episode      :      125  Reward:  -2265.3813
		Agent Collision at step     10(penetration: 0.0000)
		Agent Collision at step     16(penetration: 0.0000)
		Agent Collision at step    894(penetration: 0.0000)
		Agent Collision at step    898(penetration: 0.0000)
		Agent Collision at step    900(penetration: 0.0000)
		Agent Collision at step    903(penetration: 0.0000)
		Agent Collision at step    907(penetration: 0.0054)
		Max Collision force: 0.0025 exceeded. Terminating Episode

Episode      :      126  Reward:  -9242.3371
		Agent Collision at step      5(penetration: 0.0051)
		Max Collision force: 0.0025 exceeded. Terminating Episode

Episode      :      127  Reward:  -573.1039
		Agent Collision at step    409(penetration: 0.0027)
		Max Collision force: 0.0025 exceeded. Terminating Episode

Episode      :      128  Reward:  -2709.2115
		Agent Collision at step     58(penetration: 0.0000)
		Agent Collision at step    108(penetration: 0.0012)
		Agent Collision at step    114(penetration: 0.0000)
		Agent Collision at step    172(penetration: 0.0001)
		Agent Collision at step    175(penetration: 0.0072)
		Max Collision force: 0.0025 exceeded. Terminating Episode

Episode      :      129  Reward:  -1771.2829
		Agent Collision at step      3(penetration: 0.0025)
		Agent Collision at step      7(penetration: 0.0075)
		Max Collision force: 0.0025 exceeded. Terminating Episode

Episode      :      130  Reward:  -966.1961
		Agent Collision at step      7(penetration: 0.0004)
		Agent Collision at step   1173(penetration: 0.2029)
		Max Collision force: 0.0025 exceeded. Terminating Episode

Episode  (v) :      131  Reward:  -27449.3598
		Agent Collision at step      4(penetration: 0.0000)
		Agent Collision at step     11(penetration: 0.0076)
		Max Collision force: 0.0025 exceeded. Terminating Episode

Episode      :      132  Reward:  -4270.8341
		Agent Collision at step      6(penetration: 0.0056)
		Max Collision force: 0.0025 exceeded. Terminating Episode

Episode      :      133  Reward:  -2552.7231
		Agent Collision at step      6(penetration: 0.0000)
		Agent Collision at step     19(penetration: 0.0128)
		Max Collision force: 0.0025 exceeded. Terminating Episode

Episode      :      134  Reward:  -4646.1762
		Agent Collision at step      5(penetration: 0.0000)
		Agent Collision at step      6(penetration: 0.0000)
		Agent Collision at step      7(penetration: 0.0000)
		Agent Collision at step      8(penetration: 0.0000)
		Agent Collision at step     12(penetration: 0.0139)
		Max Collision force: 0.0025 exceeded. Terminating Episode

Episode      :      135  Reward:  -3390.2867
		Agent Collision at step     13(penetration: 0.0313)
		Max Collision force: 0.0025 exceeded. Terminating Episode

Episode      :      136  Reward:  -4687.4685
		Agent Collision at step     11(penetration: 0.0213)
		Max Collision force: 0.0025 exceeded. Terminating Episode

Episode      :      137  Reward:  -2724.0201
		Agent Collision at step      7(penetration: 0.0001)
		Agent Collision at step     14(penetration: 0.0090)
		Max Collision force: 0.0025 exceeded. Terminating Episode

Episode      :      138  Reward:  -3557.0543
		Agent Collision at step      5(penetration: 0.0000)
		Agent Collision at step      6(penetration: 0.0225)
		Max Collision force: 0.0025 exceeded. Terminating Episode

Episode      :      139  Reward:  -2815.0531
		Agent Collision at step     47(penetration: 0.0014)
		Agent Collision at step     49(penetration: 0.0000)
		Agent Collision at step     50(penetration: 0.0008)
		Agent Collision at step     51(penetration: 0.0007)
		Agent Collision at step     52(penetration: 0.0000)
		Agent Collision at step     58(penetration: 0.0088)
		Max Collision force: 0.0025 exceeded. Terminating Episode

Episode      :      140  Reward:  -3362.7330
		Agent Collision at step     18(penetration: 0.0010)
		Agent Collision at step     20(penetration: 0.0000)
		Agent Collision at step     22(penetration: 0.0000)
		Agent Collision at step     29(penetration: 0.0247)
		Max Collision force: 0.0025 exceeded. Terminating Episode

Episode  (v) :      141  Reward:  -6604.0398
		Agent Collision at step     12(penetration: 0.0043)
		Max Collision force: 0.0025 exceeded. Terminating Episode

Episode      :      142  Reward:  -3087.9449
		Agent Collision at step      4(penetration: 0.0000)
		Agent Collision at step     11(penetration: 0.0000)
		Agent Collision at step     12(penetration: 0.0033)
		Max Collision force: 0.0025 exceeded. Terminating Episode

Episode      :      143  Reward:  -3753.5970
		Agent Collision at step      9(penetration: 0.0077)
		Max Collision force: 0.0025 exceeded. Terminating Episode

Episode      :      144  Reward:  -2121.7077
		Agent Collision at step     11(penetration: 0.0042)
		Max Collision force: 0.0025 exceeded. Terminating Episode

Episode      :      145  Reward:  -2656.5325
		Agent Collision at step     11(penetration: 0.0183)
		Max Collision force: 0.0025 exceeded. Terminating Episode

Episode      :      146  Reward:  -3779.5830
		Agent Collision at step      4(penetration: 0.0231)
		Max Collision force: 0.0025 exceeded. Terminating Episode

Episode      :      147  Reward:  -2251.6342
		Agent Collision at step     25(penetration: 0.0044)
		Max Collision force: 0.0025 exceeded. Terminating Episode

Episode      :      148  Reward:  -3134.1263
		Agent Collision at step      4(penetration: 0.0000)
		Agent Collision at step      7(penetration: 0.0000)
		Agent Collision at step     10(penetration: 0.0015)
		Agent Collision at step     11(penetration: 0.0020)
		Agent Collision at step     18(penetration: 0.0978)
		Max Collision force: 0.0025 exceeded. Terminating Episode

Episode      :      149  Reward:  -8733.4413
		Agent Collision at step      5(penetration: 0.0000)
		Agent Collision at step     27(penetration: 0.0476)
		Max Collision force: 0.0025 exceeded. Terminating Episode

Episode      :      150  Reward:  -8713.6858
		Agent Collision at step     12(penetration: 0.0000)
		Agent Collision at step    246(penetration: 0.0428)
		Max Collision force: 0.0025 exceeded. Terminating Episode

Episode  (v) :      151  Reward:  -8989.4693
		Agent Collision at step     18(penetration: 0.0000)
		Agent Collision at step     98(penetration: 0.0000)
		Agent Collision at step    231(penetration: 0.0000)
		Agent Collision at step    255(penetration: 0.0000)
		Agent Collision at step    276(penetration: 0.0000)
		Agent Collision at step    279(penetration: 0.0000)
		Agent Collision at step    511(penetration: 0.0000)
		Agent Collision at step    752(penetration: 0.2827)
		Max Collision force: 0.0025 exceeded. Terminating Episode

Episode      :      152  Reward:  -34838.3860
		Agent Collision at step    449(penetration: 0.0000)
		Agent Collision at step    462(penetration: 0.0134)
		Max Collision force: 0.0025 exceeded. Terminating Episode

Episode      :      153  Reward:  -8541.4973
		Agent Collision at step     18(penetration: 0.0000)
		Agent Collision at step     19(penetration: 0.0000)
		Agent Collision at step     20(penetration: 0.0006)
		Agent Collision at step     25(penetration: 0.0000)
		Agent Collision at step     26(penetration: 0.0000)
		Agent Collision at step     30(penetration: 0.0107)
		Max Collision force: 0.0025 exceeded. Terminating Episode

Episode      :      154  Reward:  -4236.6473
		Agent Collision at step     46(penetration: 0.0000)
		Agent Collision at step     47(penetration: 0.0000)
		Agent Collision at step     48(penetration: 0.0000)
		Agent Collision at step     49(penetration: 0.0179)
		Max Collision force: 0.0025 exceeded. Terminating Episode

Episode      :      155  Reward:  -6260.5047
		Agent Collision at step      7(penetration: 0.0251)
		Max Collision force: 0.0025 exceeded. Terminating Episode

Episode      :      156  Reward:  -5311.7565
		Agent Collision at step      8(penetration: 0.0169)
		Max Collision force: 0.0025 exceeded. Terminating Episode

Episode      :      157  Reward:  -4299.9833
		Agent Collision at step      2(penetration: 0.0219)
		Max Collision force: 0.0025 exceeded. Terminating Episode

Episode      :      158  Reward:  -2409.3259
		Agent Collision at step     26(penetration: 0.0022)
		Agent Collision at step     27(penetration: 0.0000)
		Agent Collision at step     33(penetration: 0.0144)
		Max Collision force: 0.0025 exceeded. Terminating Episode

Episode      :      159  Reward:  -4481.6412
		Agent Collision at step     19(penetration: 0.0000)
		Agent Collision at step     22(penetration: 0.0000)
		Agent Collision at step     33(penetration: 0.0000)
		Agent Collision at step     34(penetration: 0.0000)
		Agent Collision at step     36(penetration: 0.0253)
		Max Collision force: 0.0025 exceeded. Terminating Episode

Episode      :      160  Reward:  -6019.2671
		Agent Collision at step     11(penetration: 0.0004)
		Agent Collision at step     51(penetration: 0.0000)
		Agent Collision at step     52(penetration: 0.0000)
		Agent Collision at step     56(penetration: 0.0007)
		Agent Collision at step     91(penetration: 0.0025)
		Max Collision force: 0.0025 exceeded. Terminating Episode

Episode  (v) :      161  Reward:  -6615.3536
		Agent Collision at step     42(penetration: 0.0054)
		Max Collision force: 0.0025 exceeded. Terminating Episode

Episode      :      162  Reward:  -261.5550
		Agent Collision at step     27(penetration: 0.0000)
		Agent Collision at step     33(penetration: 0.0227)
		Max Collision force: 0.0025 exceeded. Terminating Episode

Episode      :      163  Reward:  -7674.5485
		Agent Collision at step      3(penetration: 0.0000)
		Agent Collision at step     24(penetration: 0.0000)
		Agent Collision at step     25(penetration: 0.0000)
		Agent Collision at step     27(penetration: 0.0000)
		Agent Collision at step     28(penetration: 0.0000)
		Agent Collision at step     30(penetration: 0.0095)
		Max Collision force: 0.0025 exceeded. Terminating Episode

Episode      :      164  Reward:  -6775.6391
		Agent Collision at step      5(penetration: 0.0000)
		Agent Collision at step     13(penetration: 0.0000)
		Agent Collision at step     15(penetration: 0.0000)
		Agent Collision at step     22(penetration: 0.0000)
		Agent Collision at step     23(penetration: 0.0019)
		Agent Collision at step     24(penetration: 0.0000)
		Agent Collision at step     28(penetration: 0.0000)
		Agent Collision at step     33(penetration: 0.0005)
		Agent Collision at step     35(penetration: 0.0210)
		Max Collision force: 0.0025 exceeded. Terminating Episode

Episode      :      165  Reward:  -7732.6131
		Agent Collision at step      5(penetration: 0.0371)
		Max Collision force: 0.0025 exceeded. Terminating Episode

Episode      :      166  Reward:  -5833.3056
		Agent Collision at step      8(penetration: 0.0000)
		Agent Collision at step      9(penetration: 0.0000)
		Agent Collision at step     10(penetration: 0.0000)
		Agent Collision at step     75(penetration: 0.0000)
		Agent Collision at step     77(penetration: 0.0041)
		Max Collision force: 0.0025 exceeded. Terminating Episode

Episode      :      167  Reward:  -2841.2628
		Agent Collision at step    496(penetration: 0.0000)
		Agent Collision at step    497(penetration: 0.0000)
		Agent Collision at step    498(penetration: 0.0090)
		Max Collision force: 0.0025 exceeded. Terminating Episode

Episode      :      168  Reward:  -7603.4654
		Agent Collision at step    274(penetration: 0.0121)
		Max Collision force: 0.0025 exceeded. Terminating Episode

Episode      :      169  Reward:  -5968.5040
		Agent Collision at step      4(penetration: 0.0000)
		Agent Collision at step      5(penetration: 0.0049)
		Max Collision force: 0.0025 exceeded. Terminating Episode

Episode      :      170  Reward:  -1009.2931
		Agent Collision at step      3(penetration: 0.0000)
		Agent Collision at step    135(penetration: 0.0000)
		Agent Collision at step    146(penetration: 0.0000)
		Agent Collision at step    148(penetration: 0.0000)
		Agent Collision at step    157(penetration: 0.0080)
		Max Collision force: 0.0025 exceeded. Terminating Episode

Episode  (v) :      171  Reward:  -7017.4616
		Agent Collision at step      5(penetration: 0.0069)
		Max Collision force: 0.0025 exceeded. Terminating Episode

Episode      :      172  Reward:  -2029.4538
		Minimum reward reached (-30000) at step    252. Terminating Episode

Episode      :      173  Reward:  -33357.4615
		Agent Collision at step      7(penetration: 0.0012)
		Agent Collision at step     16(penetration: 0.0000)
		Agent Collision at step     23(penetration: 0.0000)
		Agent Collision at step     35(penetration: 0.0000)
		Agent Collision at step     63(penetration: 0.0202)
		Max Collision force: 0.0025 exceeded. Terminating Episode

Episode      :      174  Reward:  -7605.6752
		Agent Collision at step     16(penetration: 0.0040)
		Max Collision force: 0.0025 exceeded. Terminating Episode

Episode      :      175  Reward:  -3573.5971
		Agent Collision at step      7(penetration: 0.0417)
		Max Collision force: 0.0025 exceeded. Terminating Episode

Episode      :      176  Reward:  -5035.4981
		Minimum reward reached (-30000) at step    107. Terminating Episode

Episode      :      177  Reward:  -31679.4326
		Agent Collision at step      5(penetration: 0.0816)
		Max Collision force: 0.0025 exceeded. Terminating Episode

Episode      :      178  Reward:  -8072.8976
		Agent Collision at step     20(penetration: 0.0145)
		Max Collision force: 0.0025 exceeded. Terminating Episode

Episode      :      179  Reward:  -6222.8999
		Minimum reward reached (-30000) at step    182. Terminating Episode

Episode      :      180  Reward:  -30709.9158
		Minimum reward reached (-30000) at step     90. Terminating Episode

Episode  (v) :      181  Reward:  -30482.2294
		Minimum reward reached (-30000) at step    118. Terminating Episode

Episode      :      182  Reward:  -30650.1907
		Minimum reward reached (-30000) at step    105. Terminating Episode

Episode      :      183  Reward:  -30380.9807
		Minimum reward reached (-30000) at step     87. Terminating Episode

Episode      :      184  Reward:  -31042.5405
		Minimum reward reached (-30000) at step    142. Terminating Episode

Episode      :      185  Reward:  -30963.8758
		Agent Collision at step      1(penetration: 0.0110)
		Max Collision force: 0.0025 exceeded. Terminating Episode

Episode      :      186  Reward:  -1157.8863
		Minimum reward reached (-30000) at step    126. Terminating Episode

Episode      :      187  Reward:  -30827.7205
		Minimum reward reached (-30000) at step     77. Terminating Episode

Episode      :      188  Reward:  -30602.0296
		Minimum reward reached (-30000) at step     61. Terminating Episode

Episode      :      189  Reward:  -31294.8379
		Minimum reward reached (-30000) at step     24. Terminating Episode

Episode      :      190  Reward:  -36231.5841
		Minimum reward reached (-30000) at step     29. Terminating Episode

Episode  (v) :      191  Reward:  -34623.6531
		Minimum reward reached (-30000) at step     58. Terminating Episode

Episode      :      192  Reward:  -31863.1896
		Minimum reward reached (-30000) at step     37. Terminating Episode

Episode      :      193  Reward:  -30876.1403
		Minimum reward reached (-30000) at step     29. Terminating Episode

Episode      :      194  Reward:  -32071.0115
		Minimum reward reached (-30000) at step     33. Terminating Episode

Episode      :      195  Reward:  -31637.6433
		Minimum reward reached (-30000) at step     29. Terminating Episode

Episode      :      196  Reward:  -31502.1966
		Minimum reward reached (-30000) at step     37. Terminating Episode

Episode      :      197  Reward:  -31458.0418
		Minimum reward reached (-30000) at step     33. Terminating Episode

Episode      :      198  Reward:  -31301.0663
		Minimum reward reached (-30000) at step     39. Terminating Episode

Episode      :      199  Reward:  -30840.2479
		Minimum reward reached (-30000) at step     24. Terminating Episode

Episode      :      200  Reward:  -30144.0531
		Minimum reward reached (-30000) at step     47. Terminating Episode

Episode  (v) :      201  Reward:  -30843.4147
		Minimum reward reached (-30000) at step     19. Terminating Episode

Episode      :      202  Reward:  -33027.8343
		Minimum reward reached (-30000) at step     33. Terminating Episode

Episode      :      203  Reward:  -32454.2246
		Minimum reward reached (-30000) at step     65. Terminating Episode

Episode      :      204  Reward:  -31169.7100
		Agent Collision at step      6(penetration: 0.0000)
		Agent Collision at step     32(penetration: 0.0000)
		Agent Collision at step     55(penetration: 0.0035)
		Max Collision force: 0.0025 exceeded. Terminating Episode

Episode      :      205  Reward:  -6205.4070
		Agent Collision at step      5(penetration: 0.0971)
		Max Collision force: 0.0025 exceeded. Terminating Episode

Episode      :      206  Reward:  -11358.1540
		Agent Collision at step      5(penetration: 0.0000)
		Agent Collision at step      8(penetration: 0.0000)
		Agent Collision at step     10(penetration: 0.0283)
		Max Collision force: 0.0025 exceeded. Terminating Episode

Episode      :      207  Reward:  -4007.1035
		Agent Collision at step      3(penetration: 0.0020)
		Agent Collision at step      5(penetration: 0.0000)
		Agent Collision at step      6(penetration: 0.0112)
		Max Collision force: 0.0025 exceeded. Terminating Episode

Episode      :      208  Reward:  -1888.8728
		Agent Collision at step      5(penetration: 0.0156)
		Max Collision force: 0.0025 exceeded. Terminating Episode

Episode      :      209  Reward:  -1557.4745
		Agent Collision at step      7(penetration: 0.0000)
		Agent Collision at step      9(penetration: 0.0000)
		Agent Collision at step     15(penetration: 0.0000)
		Agent Collision at step     16(penetration: 0.0024)
		Agent Collision at step     17(penetration: 0.0062)
		Max Collision force: 0.0025 exceeded. Terminating Episode

Episode      :      210  Reward:  -5742.4511
		Agent Collision at step      3(penetration: 0.0000)
		Agent Collision at step      5(penetration: 0.0000)
		Agent Collision at step      6(penetration: 0.0000)
		Agent Collision at step      7(penetration: 0.0000)
		Agent Collision at step      8(penetration: 0.0000)
		Agent Collision at step      9(penetration: 0.0021)
		Agent Collision at step     10(penetration: 0.0000)
		Agent Collision at step     11(penetration: 0.0064)
		Max Collision force: 0.0025 exceeded. Terminating Episode

Episode  (v) :      211  Reward:  -960.2954
		Agent Collision at step     10(penetration: 0.0081)
		Max Collision force: 0.0025 exceeded. Terminating Episode

Episode      :      212  Reward:  -124.4501
		Agent Collision at step     18(penetration: 0.0000)
		Agent Collision at step     19(penetration: 0.0000)
		Agent Collision at step     20(penetration: 0.0000)
		Agent Collision at step     42(penetration: 0.0124)
		Max Collision force: 0.0025 exceeded. Terminating Episode

Episode      :      213  Reward:  -2502.0256
		Agent Collision at step      2(penetration: 0.0000)
		Agent Collision at step      3(penetration: 0.0000)
		Agent Collision at step      4(penetration: 0.0000)
		Agent Collision at step     12(penetration: 0.0128)
		Max Collision force: 0.0025 exceeded. Terminating Episode

Episode      :      214  Reward:  -2734.5967
		Agent Collision at step     29(penetration: 0.0000)
		Minimum reward reached (-30000) at step     34. Terminating Episode

Episode      :      215  Reward:  -30735.2006
		Agent Collision at step      3(penetration: 0.0000)
		Agent Collision at step      7(penetration: 0.0000)
		Agent Collision at step      8(penetration: 0.0000)
		Agent Collision at step      9(penetration: 0.0000)
		Agent Collision at step     10(penetration: 0.0000)
		Agent Collision at step     11(penetration: 0.0000)
		Agent Collision at step     12(penetration: 0.0000)
		Agent Collision at step     13(penetration: 0.0000)
		Agent Collision at step     15(penetration: 0.0000)
		Agent Collision at step     16(penetration: 0.0000)
		Agent Collision at step     17(penetration: 0.0124)
		Max Collision force: 0.0025 exceeded. Terminating Episode

Episode      :      216  Reward:  -2365.6866
		Agent Collision at step      3(penetration: 0.0000)
		Agent Collision at step      4(penetration: 0.0393)
		Max Collision force: 0.0025 exceeded. Terminating Episode

Episode      :      217  Reward:  -4686.9320
		Minimum reward reached (-30000) at step    413. Terminating Episode

Episode      :      218  Reward:  -36663.1545
		Agent Collision at step     16(penetration: 0.0000)
		Agent Collision at step     19(penetration: 0.0000)
		Agent Collision at step     22(penetration: 0.0000)
		Agent Collision at step     27(penetration: 0.0000)
		Agent Collision at step     43(penetration: 0.0000)
		Minimum reward reached (-30000) at step     53. Terminating Episode

Episode      :      219  Reward:  -33890.3924
		Agent Collision at step      7(penetration: 0.0297)
		Max Collision force: 0.0025 exceeded. Terminating Episode

Episode      :      220  Reward:  -6104.4030
		Agent Collision at step      3(penetration: 0.0030)
		Max Collision force: 0.0025 exceeded. Terminating Episode

Episode  (v) :      221  Reward:  -344.4790
		Agent Collision at step      6(penetration: 0.0378)
		Max Collision force: 0.0025 exceeded. Terminating Episode

Episode      :      222  Reward:  -3297.0216
		Agent Collision at step      7(penetration: 0.0260)
		Max Collision force: 0.0025 exceeded. Terminating Episode

Episode      :      223  Reward:  -6443.5283
		Agent Collision at step     12(penetration: 0.0000)
		Agent Collision at step     15(penetration: 0.0000)
		Agent Collision at step     21(penetration: 0.0000)
		Agent Collision at step     22(penetration: 0.1054)
		Max Collision force: 0.0025 exceeded. Terminating Episode

Episode      :      224  Reward:  -15867.1155
		Minimum reward reached (-30000) at step     33. Terminating Episode

Episode      :      225  Reward:  -36780.4551
		Agent Collision at step      8(penetration: 0.0000)
		Agent Collision at step      9(penetration: 0.0192)
		Max Collision force: 0.0025 exceeded. Terminating Episode

Episode      :      226  Reward:  -4845.1762
		Agent Collision at step      8(penetration: 0.0000)
		Agent Collision at step      9(penetration: 0.0000)
		Agent Collision at step     12(penetration: 0.0000)
		Agent Collision at step     14(penetration: 0.0286)
		Max Collision force: 0.0025 exceeded. Terminating Episode

Episode      :      227  Reward:  -4156.3690
		Agent Collision at step      4(penetration: 0.0000)
		Agent Collision at step      6(penetration: 0.0000)
		Agent Collision at step     25(penetration: 0.0120)
		Max Collision force: 0.0025 exceeded. Terminating Episode

Episode      :      228  Reward:  -2537.4875
		Agent Collision at step      7(penetration: 0.0010)
		Agent Collision at step      8(penetration: 0.0000)
		Agent Collision at step     10(penetration: 0.0000)
		Agent Collision at step     11(penetration: 0.0000)
		Agent Collision at step     17(penetration: 0.0009)
		Agent Collision at step     19(penetration: 0.1364)
		Max Collision force: 0.0025 exceeded. Terminating Episode

Episode      :      229  Reward:  -18323.3760
		Agent Collision at step     21(penetration: 0.0000)
		Agent Collision at step     25(penetration: 0.0025)
		Max Collision force: 0.0025 exceeded. Terminating Episode

Episode      :      230  Reward:  -2790.9684
		Agent Collision at step      3(penetration: 0.0000)
		Agent Collision at step      4(penetration: 0.0009)
		Agent Collision at step      7(penetration: 0.0000)
		Agent Collision at step      8(penetration: 0.0000)
		Agent Collision at step     10(penetration: 0.0000)
		Agent Collision at step     11(penetration: 0.0000)
		Agent Collision at step     13(penetration: 0.0141)
		Max Collision force: 0.0025 exceeded. Terminating Episode

Episode  (v) :      231  Reward:  -5850.8903
		Agent Collision at step      4(penetration: 0.0000)
		Agent Collision at step      5(penetration: 0.0807)
		Max Collision force: 0.0025 exceeded. Terminating Episode

Episode      :      232  Reward:  -10620.7045
		Agent Collision at step      5(penetration: 0.0000)
		Agent Collision at step      6(penetration: 0.0000)
		Agent Collision at step      7(penetration: 0.0000)
		Agent Collision at step     13(penetration: 0.0148)
		Max Collision force: 0.0025 exceeded. Terminating Episode

Episode      :      233  Reward:  -2507.7695
		Agent Collision at step      6(penetration: 0.0062)
		Max Collision force: 0.0025 exceeded. Terminating Episode

Episode      :      234  Reward:  -994.2123
		Agent Collision at step      5(penetration: 0.0000)
		Agent Collision at step      7(penetration: 0.0000)
		Agent Collision at step     11(penetration: 0.0146)
		Max Collision force: 0.0025 exceeded. Terminating Episode

Episode      :      235  Reward:  -2047.9397
		Agent Collision at step      5(penetration: 0.0000)
		Agent Collision at step      6(penetration: 0.0000)
		Agent Collision at step      7(penetration: 0.0000)
		Agent Collision at step      8(penetration: 0.0000)
		Agent Collision at step      9(penetration: 0.0000)
		Agent Collision at step     13(penetration: 0.0000)
		Agent Collision at step     14(penetration: 0.0031)
		Max Collision force: 0.0025 exceeded. Terminating Episode

Episode      :      236  Reward:  -1340.3244
		Agent Collision at step     18(penetration: 0.0080)
		Max Collision force: 0.0025 exceeded. Terminating Episode

Episode      :      237  Reward:  -2634.3182
		Agent Collision at step      2(penetration: 0.0873)
		Max Collision force: 0.0025 exceeded. Terminating Episode

Episode      :      238  Reward:  -6519.4095
		Agent Collision at step      6(penetration: 0.0000)
		Agent Collision at step      7(penetration: 0.0000)
		Agent Collision at step      9(penetration: 0.0000)
		Agent Collision at step     10(penetration: 0.0117)
		Max Collision force: 0.0025 exceeded. Terminating Episode

Episode      :      239  Reward:  -4818.7369
		Agent Collision at step      6(penetration: 0.0000)
		Agent Collision at step      9(penetration: 0.0000)
		Agent Collision at step     10(penetration: 0.0309)
		Max Collision force: 0.0025 exceeded. Terminating Episode

Episode      :      240  Reward:  -4342.6704
		Agent Collision at step      3(penetration: 0.0000)
		Agent Collision at step      4(penetration: 0.0000)
		Agent Collision at step      5(penetration: 0.0287)
		Max Collision force: 0.0025 exceeded. Terminating Episode

Episode  (v) :      241  Reward:  -2586.0714
		Agent Collision at step      2(penetration: 0.0000)
		Agent Collision at step      4(penetration: 0.0000)
		Agent Collision at step      5(penetration: 0.0937)
		Max Collision force: 0.0025 exceeded. Terminating Episode

Episode      :      242  Reward:  -8521.4943
		Agent Collision at step      5(penetration: 0.0000)
		Agent Collision at step      6(penetration: 0.0000)
		Agent Collision at step      7(penetration: 0.0000)
		Agent Collision at step     10(penetration: 0.0000)
		Agent Collision at step     11(penetration: 0.0390)
		Max Collision force: 0.0025 exceeded. Terminating Episode

Episode      :      243  Reward:  -5584.1828
		Agent Collision at step      8(penetration: 0.0000)
		Agent Collision at step      9(penetration: 0.0000)
		Agent Collision at step     10(penetration: 0.0000)
		Agent Collision at step     11(penetration: 0.0000)
		Agent Collision at step     20(penetration: 0.0000)
		Agent Collision at step     21(penetration: 0.0000)
		Minimum reward reached (-30000) at step    176. Terminating Episode

Episode      :      244  Reward:  -31247.2077
		Agent Collision at step      3(penetration: 0.0217)
		Max Collision force: 0.0025 exceeded. Terminating Episode

Episode      :      245  Reward:  -3170.2344
		Agent Collision at step      2(penetration: 0.0000)
		Agent Collision at step      5(penetration: 0.0384)
		Max Collision force: 0.0025 exceeded. Terminating Episode

Episode      :      246  Reward:  -3451.7236
		Agent Collision at step      2(penetration: 0.0000)
		Agent Collision at step      5(penetration: 0.0221)
		Max Collision force: 0.0025 exceeded. Terminating Episode

Episode      :      247  Reward:  -2866.6008
		Minimum reward reached (-30000) at step    121. Terminating Episode

Episode      :      248  Reward:  -31251.0133
		Minimum reward reached (-30000) at step    174. Terminating Episode

Episode      :      249  Reward:  -30028.9236
		Minimum reward reached (-30000) at step     43. Terminating Episode

Episode      :      250  Reward:  -32854.5515
		Minimum reward reached (-30000) at step     29. Terminating Episode

Episode  (v) :      251  Reward:  -34461.8393
		Agent Collision at step    562(penetration: 0.0000)
		Agent Collision at step    662(penetration: 0.0326)
		Max Collision force: 0.0025 exceeded. Terminating Episode

Episode      :      252  Reward:  -10039.3347
		Agent Collision at step   1869(penetration: 0.0559)
		Max Collision force: 0.0025 exceeded. Terminating Episode

Episode      :      253  Reward:  -23181.9182
