Connected!
Client Ver:1 (Min Req: 1), Server Ver:1 (Min Req: 1)



***Environment Loaded and API connected***
/project/ml_ws1819/ml1811/as/lib/python3.5/site-packages/tensorflow/python/ops/gradients_impl.py:95: UserWarning: Converting sparse IndexedSlices to a dense Tensor of unknown shape. This may consume a large amount of memory.
  "Converting sparse IndexedSlices to a dense Tensor of unknown shape. "
2019-01-30 23:11:19.230201: W tensorflow/core/platform/cpu_feature_guard.cc:45] The TensorFlow library wasn't compiled to use SSE4.1 instructions, but these are available on your machine and could speed up CPU computations.
2019-01-30 23:11:19.230225: W tensorflow/core/platform/cpu_feature_guard.cc:45] The TensorFlow library wasn't compiled to use SSE4.2 instructions, but these are available on your machine and could speed up CPU computations.
2019-01-30 23:11:19.230229: W tensorflow/core/platform/cpu_feature_guard.cc:45] The TensorFlow library wasn't compiled to use AVX instructions, but these are available on your machine and could speed up CPU computations.
2019-01-30 23:11:19.230232: W tensorflow/core/platform/cpu_feature_guard.cc:45] The TensorFlow library wasn't compiled to use AVX2 instructions, but these are available on your machine and could speed up CPU computations.
2019-01-30 23:11:19.230235: W tensorflow/core/platform/cpu_feature_guard.cc:45] The TensorFlow library wasn't compiled to use FMA instructions, but these are available on your machine and could speed up CPU computations.

***Agent instantiated***


*** Prefilling Buffer ***

		Maximum number of steps reached (1000) Terminating Episode

Prefill Episode:        1  Reward:  -21633  Buffer Filled:      1001

*** Training Agent ***

../cls/deep_rl/drl_dqn_agent.py:99: FutureWarning: Using a non-tuple sequence for multidimensional indexing is deprecated; use `arr[tuple(seq)]` instead of `arr[seq]`. In the future this will be interpreted as an array index, `arr[np.array(seq)]`, which will result either in an error or a different result.
  q_predictions = q_predictions[action_indexes]
		Agent Collision at step     33(penetration: 0.0000)
		Agent Collision at step    158(penetration: 0.0044)
		Max Collision force: 0.0025 exceeded. Terminating Episode

Episode  (v) :        1  Reward:  -2081.4844
		Agent Collision at step      7(penetration: 0.0000)
		Agent Collision at step     13(penetration: 0.0000)
		Agent Collision at step     22(penetration: 0.0000)
		Agent Collision at step     29(penetration: 0.0115)
		Max Collision force: 0.0025 exceeded. Terminating Episode

Episode      :        2  Reward:  -1636.1460
		Agent Collision at step     12(penetration: 0.0000)
		Agent Collision at step     13(penetration: 0.0000)
		Agent Collision at step     15(penetration: 0.0000)
		Agent Collision at step     16(penetration: 0.0000)
		Agent Collision at step     17(penetration: 0.0000)
		Agent Collision at step     21(penetration: 0.0036)
		Max Collision force: 0.0025 exceeded. Terminating Episode

Episode      :        3  Reward:  -1466.2627
		Agent Collision at step      3(penetration: 0.0000)
		Agent Collision at step      5(penetration: 0.0000)
		Agent Collision at step    599(penetration: 0.0077)
		Max Collision force: 0.0025 exceeded. Terminating Episode

Episode      :        4  Reward:  -6865.1369
		Agent Collision at step      5(penetration: 0.0077)
		Max Collision force: 0.0025 exceeded. Terminating Episode

Episode      :        5  Reward:  -719.7483
		Agent Collision at step     10(penetration: 0.0042)
		Max Collision force: 0.0025 exceeded. Terminating Episode

Episode      :        6  Reward:  -564.0982
		Agent Collision at step     48(penetration: 0.0000)
		Agent Collision at step     94(penetration: 0.0991)
		Max Collision force: 0.0025 exceeded. Terminating Episode

Episode      :        7  Reward:  -9148.2230
		Agent Collision at step     13(penetration: 0.0084)
		Max Collision force: 0.0025 exceeded. Terminating Episode

Episode      :        8  Reward:  -879.4499
		Agent Collision at step     27(penetration: 0.0093)
		Max Collision force: 0.0025 exceeded. Terminating Episode

Episode      :        9  Reward:  -960.2343
		Agent Collision at step      3(penetration: 0.0000)
		Agent Collision at step     12(penetration: 0.0000)
		Agent Collision at step     30(penetration: 0.0059)
		Max Collision force: 0.0025 exceeded. Terminating Episode

Episode      :       10  Reward:  -1181.8370
		Agent Collision at step    149(penetration: 0.0073)
		Max Collision force: 0.0025 exceeded. Terminating Episode

Episode  (v) :       11  Reward:  -2083.8919
		Agent Collision at step      6(penetration: 0.0000)
		Agent Collision at step     11(penetration: 0.0000)
		Agent Collision at step     12(penetration: 0.0000)
		Agent Collision at step     14(penetration: 0.0000)
		Agent Collision at step     16(penetration: 0.0176)
		Max Collision force: 0.0025 exceeded. Terminating Episode

Episode      :       12  Reward:  -1836.4002
		Agent Collision at step     75(penetration: 0.0017)
		Agent Collision at step     77(penetration: 0.0000)
		Agent Collision at step     85(penetration: 0.0000)
		Agent Collision at step     87(penetration: 0.0221)
		Max Collision force: 0.0025 exceeded. Terminating Episode

Episode      :       13  Reward:  -3068.1575
		Agent Collision at step      7(penetration: 0.0025)
		Agent Collision at step     12(penetration: 0.0002)
		Agent Collision at step     23(penetration: 0.0000)
		Agent Collision at step     38(penetration: 0.0000)
		Agent Collision at step     39(penetration: 0.0041)
		Max Collision force: 0.0025 exceeded. Terminating Episode

Episode      :       14  Reward:  -1158.3194
		Agent Collision at step    197(penetration: 0.0000)
		Agent Collision at step    199(penetration: 0.0000)
		Agent Collision at step    203(penetration: 0.0000)
		Agent Collision at step    209(penetration: 0.0081)
		Max Collision force: 0.0025 exceeded. Terminating Episode

Episode      :       15  Reward:  -3356.8346
		Agent Collision at step      5(penetration: 0.0000)
		Agent Collision at step      8(penetration: 0.0000)
		Agent Collision at step      9(penetration: 0.0066)
		Max Collision force: 0.0025 exceeded. Terminating Episode

Episode      :       16  Reward:  -783.8330
		Agent Collision at step      8(penetration: 0.0049)
		Max Collision force: 0.0025 exceeded. Terminating Episode

Episode      :       17  Reward:  -619.2544
		Agent Collision at step    632(penetration: 0.0020)
		Agent Collision at step    649(penetration: 0.0170)
		Max Collision force: 0.0025 exceeded. Terminating Episode

Episode      :       18  Reward:  -7961.6942
		Agent Collision at step   1150(penetration: 0.0032)
		Max Collision force: 0.0025 exceeded. Terminating Episode

Episode      :       19  Reward:  -11940.2316
		Agent Collision at step      2(penetration: 0.0000)
		Agent Collision at step      9(penetration: 0.0164)
		Max Collision force: 0.0025 exceeded. Terminating Episode

Episode      :       20  Reward:  -1359.4990
		Agent Collision at step      4(penetration: 0.0000)
		Agent Collision at step      8(penetration: 0.0000)
		Agent Collision at step      9(penetration: 0.0000)
		Agent Collision at step     10(penetration: 0.0000)
		Agent Collision at step     29(penetration: 0.0000)
		Agent Collision at step     32(penetration: 0.0000)
		Agent Collision at step     33(penetration: 0.0036)
		Max Collision force: 0.0025 exceeded. Terminating Episode

Episode  (v) :       21  Reward:  -1223.5259
		Agent Collision at step     21(penetration: 0.0072)
		Max Collision force: 0.0025 exceeded. Terminating Episode

Episode      :       22  Reward:  -964.3890
		Agent Collision at step      5(penetration: 0.0036)
		Max Collision force: 0.0025 exceeded. Terminating Episode

Episode      :       23  Reward:  -322.8312
		Agent Collision at step      6(penetration: 0.0000)
		Agent Collision at step      7(penetration: 0.0071)
		Max Collision force: 0.0025 exceeded. Terminating Episode

Episode      :       24  Reward:  -583.1892
		Agent Collision at step      5(penetration: 0.0234)
		Max Collision force: 0.0025 exceeded. Terminating Episode

Episode      :       25  Reward:  -1891.3295
		Agent Collision at step    344(penetration: 0.3505)
		Max Collision force: 0.0025 exceeded. Terminating Episode

Episode      :       26  Reward:  -32010.3543
		Agent Collision at step     12(penetration: 0.0080)
		Max Collision force: 0.0025 exceeded. Terminating Episode

Episode      :       27  Reward:  -1157.2477
		Agent Collision at step      6(penetration: 0.0018)
		Agent Collision at step      7(penetration: 0.0000)
		Agent Collision at step      8(penetration: 0.0000)
		Agent Collision at step    180(penetration: 0.0061)
		Max Collision force: 0.0025 exceeded. Terminating Episode

Episode      :       28  Reward:  -2446.0222
		Maximum number of steps reached (1300) Terminating Episode

Episode      :       29  Reward:  -12898.4028
		Agent Collision at step      5(penetration: 0.0000)
		Agent Collision at step     14(penetration: 0.0000)
		Agent Collision at step    598(penetration: 0.0032)
		Max Collision force: 0.0025 exceeded. Terminating Episode

Episode      :       30  Reward:  -6466.6177
		Agent Collision at step      5(penetration: 0.0024)
		Agent Collision at step      7(penetration: 0.0000)
		Agent Collision at step     61(penetration: 0.1028)
		Max Collision force: 0.0025 exceeded. Terminating Episode

Episode  (v) :       31  Reward:  -9439.3772
		Agent Collision at step      2(penetration: 0.0000)
		Agent Collision at step     15(penetration: 0.0000)
		Agent Collision at step     25(penetration: 0.0000)
		Agent Collision at step    133(penetration: 0.0000)
		Agent Collision at step    134(penetration: 0.0000)
		Agent Collision at step    137(penetration: 0.0017)
		Agent Collision at step    138(penetration: 0.0000)
		Agent Collision at step    146(penetration: 0.0161)
		Max Collision force: 0.0025 exceeded. Terminating Episode

Episode      :       32  Reward:  -3997.9139
		Agent Collision at step      2(penetration: 0.0000)
		Agent Collision at step      9(penetration: 0.0097)
		Max Collision force: 0.0025 exceeded. Terminating Episode

Episode      :       33  Reward:  -1247.2290
		Agent Collision at step      1(penetration: 0.0000)
		Agent Collision at step    741(penetration: 0.0101)
		Max Collision force: 0.0025 exceeded. Terminating Episode

Episode      :       34  Reward:  -10029.8101
		Agent Collision at step     22(penetration: 0.0000)
		Agent Collision at step     31(penetration: 0.0236)
		Max Collision force: 0.0025 exceeded. Terminating Episode

Episode      :       35  Reward:  -2569.8727
		Agent Collision at step      8(penetration: 0.0000)
		Agent Collision at step     15(penetration: 0.0015)
		Agent Collision at step     16(penetration: 0.0000)
		Agent Collision at step     36(penetration: 0.0462)
		Max Collision force: 0.0025 exceeded. Terminating Episode

Episode      :       36  Reward:  -4508.1793
		Agent Collision at step    459(penetration: 0.0000)
		Agent Collision at step    464(penetration: 0.0239)
		Max Collision force: 0.0025 exceeded. Terminating Episode

Episode      :       37  Reward:  -8587.5422
		Agent Collision at step      2(penetration: 0.0000)
		Agent Collision at step      4(penetration: 0.0005)
		Agent Collision at step      5(penetration: 0.0026)
		Max Collision force: 0.0025 exceeded. Terminating Episode

Episode      :       38  Reward:  -544.9211
		Agent Collision at step     23(penetration: 0.0012)
		Agent Collision at step     35(penetration: 0.0000)
		Agent Collision at step     43(penetration: 0.0059)
		Max Collision force: 0.0025 exceeded. Terminating Episode

Episode      :       39  Reward:  -2124.5807
		Agent Collision at step     10(penetration: 0.0083)
		Max Collision force: 0.0025 exceeded. Terminating Episode

Episode      :       40  Reward:  -870.2100
		Agent Collision at step     10(penetration: 0.0019)
		Agent Collision at step     16(penetration: 0.0021)
		Agent Collision at step     20(penetration: 0.0431)
		Max Collision force: 0.0025 exceeded. Terminating Episode

Episode  (v) :       41  Reward:  -4908.9933
		Agent Collision at step     70(penetration: 0.0070)
		Max Collision force: 0.0025 exceeded. Terminating Episode

Episode      :       42  Reward:  -1977.5366
		Agent Collision at step      6(penetration: 0.0000)
		Agent Collision at step     19(penetration: 0.0072)
		Max Collision force: 0.0025 exceeded. Terminating Episode

Episode      :       43  Reward:  -1205.7982
		Agent Collision at step      7(penetration: 0.0000)
		Agent Collision at step     17(penetration: 0.0216)
		Max Collision force: 0.0025 exceeded. Terminating Episode

Episode      :       44  Reward:  -2786.7222
		Agent Collision at step    433(penetration: 0.0325)
		Max Collision force: 0.0025 exceeded. Terminating Episode

Episode      :       45  Reward:  -6980.1212
		Agent Collision at step     10(penetration: 0.0094)
		Max Collision force: 0.0025 exceeded. Terminating Episode

Episode      :       46  Reward:  -924.4969
		Agent Collision at step      2(penetration: 0.0000)
		Agent Collision at step     14(penetration: 0.0021)
		Agent Collision at step     18(penetration: 0.0000)
		Agent Collision at step     27(penetration: 0.0119)
		Max Collision force: 0.0025 exceeded. Terminating Episode

Episode      :       47  Reward:  -1670.6521
		Agent Collision at step    111(penetration: 0.0000)
		Agent Collision at step    113(penetration: 0.0000)
		Agent Collision at step    123(penetration: 0.0000)
		Agent Collision at step    127(penetration: 0.0000)
		Agent Collision at step    128(penetration: 0.0000)
		Agent Collision at step    280(penetration: 0.0000)
		Agent Collision at step    281(penetration: 0.0008)
		Agent Collision at step    294(penetration: 0.0107)
		Max Collision force: 0.0025 exceeded. Terminating Episode

Episode      :       48  Reward:  -8686.4301
		Agent Collision at step    809(penetration: 0.0672)
		Max Collision force: 0.0025 exceeded. Terminating Episode

Episode      :       49  Reward:  -14337.8473
		Agent Collision at step      4(penetration: 0.0000)
		Agent Collision at step      8(penetration: 0.0066)
		Max Collision force: 0.0025 exceeded. Terminating Episode

Episode      :       50  Reward:  -1019.3987
		Agent Collision at step      9(penetration: 0.0038)
		Max Collision force: 0.0025 exceeded. Terminating Episode

Episode  (v) :       51  Reward:  -700.3237
		Agent Collision at step      4(penetration: 0.0015)
		Agent Collision at step      6(penetration: 0.0159)
		Max Collision force: 0.0025 exceeded. Terminating Episode

Episode      :       52  Reward:  -2053.7315
		Agent Collision at step      4(penetration: 0.0000)
		Agent Collision at step      9(penetration: 0.0000)
		Agent Collision at step     12(penetration: 0.0094)
		Max Collision force: 0.0025 exceeded. Terminating Episode

Episode      :       53  Reward:  -1931.4545
		Agent Collision at step      6(penetration: 0.0116)
		Max Collision force: 0.0025 exceeded. Terminating Episode

Episode      :       54  Reward:  -1635.5498
		Maximum number of steps reached (1600) Terminating Episode

Episode      :       55  Reward:  -15674.2729
		Agent Collision at step      3(penetration: 0.0000)
		Agent Collision at step      6(penetration: 0.0000)
		Agent Collision at step      7(penetration: 0.0130)
		Max Collision force: 0.0025 exceeded. Terminating Episode

Episode      :       56  Reward:  -1085.6613
		Agent Collision at step      3(penetration: 0.0000)
		Agent Collision at step      7(penetration: 0.0000)
		Agent Collision at step     10(penetration: 0.0000)
		Agent Collision at step     14(penetration: 0.0000)
		Agent Collision at step     17(penetration: 0.0000)
		Agent Collision at step     18(penetration: 0.0000)
		Agent Collision at step     19(penetration: 0.0000)
		Agent Collision at step     20(penetration: 0.0000)
		Agent Collision at step     23(penetration: 0.0000)
		Agent Collision at step     25(penetration: 0.0000)
		Agent Collision at step     26(penetration: 0.0000)
		Agent Collision at step     27(penetration: 0.0000)
		Agent Collision at step     28(penetration: 0.0000)
		Agent Collision at step     29(penetration: 0.0000)
		Agent Collision at step     31(penetration: 0.0000)
		Agent Collision at step     32(penetration: 0.0000)
		Agent Collision at step     33(penetration: 0.0000)
		Agent Collision at step     34(penetration: 0.0000)
		Agent Collision at step     35(penetration: 0.0000)
		Agent Collision at step     36(penetration: 0.0000)
		Agent Collision at step     38(penetration: 0.0000)
		Agent Collision at step     39(penetration: 0.0000)
		Agent Collision at step     41(penetration: 0.0000)
		Agent Collision at step     42(penetration: 0.0000)
		Agent Collision at step     43(penetration: 0.0000)
		Agent Collision at step     44(penetration: 0.0000)
		Agent Collision at step     45(penetration: 0.0237)
		Max Collision force: 0.0025 exceeded. Terminating Episode

Episode      :       57  Reward:  -5096.7309
		Agent Collision at step      6(penetration: 0.0088)
		Max Collision force: 0.0025 exceeded. Terminating Episode

Episode      :       58  Reward:  -745.2849
		Agent Collision at step      7(penetration: 0.0000)
		Agent Collision at step      9(penetration: 0.0000)
		Agent Collision at step     10(penetration: 0.0005)
		Agent Collision at step     11(penetration: 0.0000)
		Agent Collision at step     12(penetration: 0.0000)
		Agent Collision at step     13(penetration: 0.0222)
		Max Collision force: 0.0025 exceeded. Terminating Episode

Episode      :       59  Reward:  -3365.6958
		Agent Collision at step      7(penetration: 0.0004)
		Agent Collision at step      8(penetration: 0.0000)
		Agent Collision at step      9(penetration: 0.0000)
		Agent Collision at step     13(penetration: 0.0000)
		Agent Collision at step    792(penetration: 0.0000)
		Agent Collision at step    793(penetration: 0.1567)
		Max Collision force: 0.0025 exceeded. Terminating Episode

Episode      :       60  Reward:  -21512.7709
		Agent Collision at step      3(penetration: 0.0000)
		Agent Collision at step      8(penetration: 0.0000)
		Agent Collision at step     10(penetration: 0.0000)
		Agent Collision at step     11(penetration: 0.0039)
		Max Collision force: 0.0025 exceeded. Terminating Episode

Episode  (v) :       61  Reward:  -1412.6380
		Agent Collision at step      3(penetration: 0.0080)
		Max Collision force: 0.0025 exceeded. Terminating Episode

Episode      :       62  Reward:  -782.2364
		Agent Collision at step      4(penetration: 0.0000)
		Agent Collision at step      9(penetration: 0.0000)
		Agent Collision at step     10(penetration: 0.0000)
		Agent Collision at step     11(penetration: 0.0284)
		Max Collision force: 0.0025 exceeded. Terminating Episode

Episode      :       63  Reward:  -3813.5253
		Agent Collision at step    658(penetration: 0.1123)
		Max Collision force: 0.0025 exceeded. Terminating Episode

Episode      :       64  Reward:  -15686.9256
		Maximum number of steps reached (1700) Terminating Episode

Episode      :       65  Reward:  -17247.2918
		Agent Collision at step      4(penetration: 0.0000)
		Agent Collision at step      7(penetration: 0.0000)
		Agent Collision at step      8(penetration: 0.0000)
		Agent Collision at step     10(penetration: 0.0000)
		Agent Collision at step     12(penetration: 0.0000)
		Agent Collision at step     15(penetration: 0.0000)
		Agent Collision at step     19(penetration: 0.0000)
		Agent Collision at step     22(penetration: 0.0000)
		Agent Collision at step     23(penetration: 0.0281)
		Max Collision force: 0.0025 exceeded. Terminating Episode

Episode      :       66  Reward:  -3864.9839
		Agent Collision at step      2(penetration: 0.0054)
		Max Collision force: 0.0025 exceeded. Terminating Episode

Episode      :       67  Reward:  -600.7698
		Agent Collision at step      5(penetration: 0.0000)
		Agent Collision at step      7(penetration: 0.0000)
		Agent Collision at step      9(penetration: 0.0000)
		Agent Collision at step     10(penetration: 0.0000)
		Agent Collision at step     12(penetration: 0.0000)
		Agent Collision at step     18(penetration: 0.0000)
		Agent Collision at step     19(penetration: 0.0000)
		Agent Collision at step     24(penetration: 0.0000)
		Agent Collision at step     25(penetration: 0.0000)
		Agent Collision at step     26(penetration: 0.0350)
		Max Collision force: 0.0025 exceeded. Terminating Episode

Episode      :       68  Reward:  -5342.8778
		Agent Collision at step      3(penetration: 0.0000)
		Agent Collision at step      5(penetration: 0.0000)
		Agent Collision at step      9(penetration: 0.0077)
		Max Collision force: 0.0025 exceeded. Terminating Episode

Episode      :       69  Reward:  -908.7417
		Maximum number of steps reached (1700) Terminating Episode

Episode      :       70  Reward:  -17142.5514
		Agent Collision at step      2(penetration: 0.0000)
		Agent Collision at step      4(penetration: 0.0000)
		Agent Collision at step      5(penetration: 0.0043)
		Max Collision force: 0.0025 exceeded. Terminating Episode

Episode  (v) :       71  Reward:  -405.3836
		Agent Collision at step      2(penetration: 0.0000)
		Agent Collision at step      3(penetration: 0.0053)
		Max Collision force: 0.0025 exceeded. Terminating Episode

Episode      :       72  Reward:  -491.4944
		Agent Collision at step      8(penetration: 0.0000)
		Agent Collision at step     10(penetration: 0.0000)
		Agent Collision at step     11(penetration: 0.0000)
		Agent Collision at step     13(penetration: 0.0000)
		Agent Collision at step     14(penetration: 0.0000)
		Agent Collision at step     15(penetration: 0.0044)
		Max Collision force: 0.0025 exceeded. Terminating Episode

Episode      :       73  Reward:  -1969.5554
		Agent Collision at step      2(penetration: 0.0000)
		Agent Collision at step      4(penetration: 0.0065)
		Max Collision force: 0.0025 exceeded. Terminating Episode

Episode      :       74  Reward:  -951.9869
		Agent Collision at step      2(penetration: 0.0000)
		Agent Collision at step      3(penetration: 0.0000)
		Agent Collision at step      4(penetration: 0.0000)
		Agent Collision at step      9(penetration: 0.0100)
		Max Collision force: 0.0025 exceeded. Terminating Episode

Episode      :       75  Reward:  -1656.7372
		Agent Collision at step      8(penetration: 0.0005)
		Agent Collision at step      9(penetration: 0.0000)
		Agent Collision at step     10(penetration: 0.0000)
		Agent Collision at step     11(penetration: 0.0000)
		Agent Collision at step     12(penetration: 0.0000)
		Agent Collision at step     13(penetration: 0.0005)
		Agent Collision at step     14(penetration: 0.0014)
		Agent Collision at step     15(penetration: 0.0001)
		Agent Collision at step     16(penetration: 0.0000)
		Agent Collision at step     17(penetration: 0.0001)
		Agent Collision at step     18(penetration: 0.0240)
		Max Collision force: 0.0025 exceeded. Terminating Episode

Episode      :       76  Reward:  -4793.5115
		Agent Collision at step      3(penetration: 0.0000)
		Agent Collision at step      4(penetration: 0.0000)
		Agent Collision at step      6(penetration: 0.0041)
		Max Collision force: 0.0025 exceeded. Terminating Episode

Episode      :       77  Reward:  -619.2463
		Agent Collision at step      2(penetration: 0.0000)
		Agent Collision at step      5(penetration: 0.0000)
		Agent Collision at step      8(penetration: 0.0006)
		Agent Collision at step      9(penetration: 0.0033)
		Max Collision force: 0.0025 exceeded. Terminating Episode

Episode      :       78  Reward:  -2391.0476
		Agent Collision at step      6(penetration: 0.0000)
		Agent Collision at step      7(penetration: 0.0000)
		Agent Collision at step     10(penetration: 0.0000)
		Agent Collision at step     11(penetration: 0.0000)
		Maximum number of steps reached (1800) Terminating Episode

Episode      :       79  Reward:  -18647.0165
		Agent Collision at step      3(penetration: 0.0507)
		Max Collision force: 0.0025 exceeded. Terminating Episode

Episode      :       80  Reward:  -4406.6617
		Agent Collision at step      4(penetration: 0.0000)
		Agent Collision at step      6(penetration: 0.0115)
		Max Collision force: 0.0025 exceeded. Terminating Episode

Episode  (v) :       81  Reward:  -2070.7023
		Agent Collision at step      2(penetration: 0.0132)
		Max Collision force: 0.0025 exceeded. Terminating Episode

Episode      :       82  Reward:  -1136.1030
		Agent Collision at step      5(penetration: 0.0000)
		Agent Collision at step      9(penetration: 0.0000)
		Agent Collision at step     11(penetration: 0.0000)
		Agent Collision at step     16(penetration: 0.0127)
		Max Collision force: 0.0025 exceeded. Terminating Episode

Episode      :       83  Reward:  -2001.9518
