WARNING:tornado.general:Connect error on fd 7: ECONNREFUSED
WARNING:tornado.general:Connect error on fd 7: ECONNREFUSED
WARNING:tornado.general:Connect error on fd 7: ECONNREFUSED
WARNING:tornado.general:Connect error on fd 7: ECONNREFUSED
WARNING:tornado.general:Connect error on fd 7: ECONNREFUSED
2019-01-28 20:38:35.104737: I tensorflow/core/platform/cpu_feature_guard.cc:140] Your CPU supports instructions that this TensorFlow binary was not compiled to use: AVX2 FMA
2019-01-28 20:38:35.187570: I tensorflow/stream_executor/cuda/cuda_gpu_executor.cc:898] successful NUMA node read from SysFS had negative value (-1), but there must be at least one NUMA node, so returning NUMA node zero
2019-01-28 20:38:35.187920: I tensorflow/core/common_runtime/gpu/gpu_device.cc:1356] Found device 0 with properties: 
name: GeForce GTX 1060 3GB major: 6 minor: 1 memoryClockRate(GHz): 1.7085
pciBusID: 0000:01:00.0
totalMemory: 2.95GiB freeMemory: 2.39GiB
2019-01-28 20:38:35.187934: I tensorflow/core/common_runtime/gpu/gpu_device.cc:1435] Adding visible gpu devices: 0
2019-01-28 20:38:35.387335: I tensorflow/core/common_runtime/gpu/gpu_device.cc:923] Device interconnect StreamExecutor with strength 1 edge matrix:
2019-01-28 20:38:35.387366: I tensorflow/core/common_runtime/gpu/gpu_device.cc:929]      0 
2019-01-28 20:38:35.387372: I tensorflow/core/common_runtime/gpu/gpu_device.cc:942] 0:   N 
2019-01-28 20:38:35.387503: I tensorflow/core/common_runtime/gpu/gpu_device.cc:1053] Created TensorFlow device (/job:localhost/replica:0/task:0/device:GPU:0 with 2088 MB memory) -> physical GPU (device: 0, name: GeForce GTX 1060 3GB, pci bus id: 0000:01:00.0, compute capability: 6.1)
2019-01-28 20:43:52.391745: I tensorflow/core/common_runtime/gpu/gpu_device.cc:1435] Adding visible gpu devices: 0
2019-01-28 20:43:52.391784: I tensorflow/core/common_runtime/gpu/gpu_device.cc:923] Device interconnect StreamExecutor with strength 1 edge matrix:
2019-01-28 20:43:52.391791: I tensorflow/core/common_runtime/gpu/gpu_device.cc:929]      0 
2019-01-28 20:43:52.391795: I tensorflow/core/common_runtime/gpu/gpu_device.cc:942] 0:   N 
2019-01-28 20:43:52.391874: I tensorflow/core/common_runtime/gpu/gpu_device.cc:1053] Created TensorFlow device (/job:localhost/replica:0/task:0/device:GPU:0 with 2088 MB memory) -> physical GPU (device: 0, name: GeForce GTX 1060 3GB, pci bus id: 0000:01:00.0, compute capability: 6.1)
2019-01-28 20:44:08.905098: E tensorflow/stream_executor/cuda/cuda_dnn.cc:455] could not create cudnn handle: CUDNN_STATUS_INTERNAL_ERROR
2019-01-28 20:44:08.905127: E tensorflow/stream_executor/cuda/cuda_dnn.cc:427] could not destroy cudnn handle: CUDNN_STATUS_BAD_PARAM
2019-01-28 20:44:08.905142: F tensorflow/core/kernels/conv_ops.cc:713] Check failed: stream->parent()->GetConvolveAlgorithms( conv_parameters.ShouldIncludeWinogradNonfusedAlgo<T>(), &algorithms) 
